1 explicit pages:
  config/english/config_en.prc

2 implicit pages:
  /c/Panda3D-1.8.1/etc/Config.prc
  /c/Panda3D-1.8.1/etc/Confauto.prc

serverVersion:  sv-1.0.0
PAccount: accountServer from launcher:  
PAccount: default accountServer:  https://pirates.go.com
Initializing quest ladders...
:MagicWordManager(warning): You risk being banned if you abuse this mate!
:MagicWordManager(warning): I will have Jack cut you into pieces! (a.k.a. banned forever)
:DistributedObjectGlobal(warning): ChatManager going online
:DistributedShipLoader(warning): ShipLoader going online
########## startReaderPollTask Pirate
########## stopReaderPollTask Pirate
########## startReaderPollTask Pirate
########## stopReaderPollTask Pirate
New DO:401000001, dclass:PiratesDistrict
New DO:401000002, dclass:DistributedPopulationTracker
getSubTimeList
 sub was None for 0
setEnvironment unnamed 8 {}
getSubTimeList
 sub was None for 8
:TaskManager(warning): doMethodLater: added task: waitForNextTODState--2108837668 with negative delay: -2999.99687191
:DisplayOptions(warning): DISPLAY CHANGE FAILED, RESTORING PREVIOUS DISPLAY
:LoadingScreen(warning): step MakeAPirate was started before loading screen was enabled!
Traceback (most recent call last):
  File "C:\Panda3D-1.8.1\direct\showbase\EventManager.py", line 61, in eventLoopTask
    self.doEvents()
  File "C:\Panda3D-1.8.1\direct\showbase\EventManager.py", line 55, in doEvents
    processFunc(self.eventQueue.dequeueEvent())
  File "C:\Panda3D-1.8.1\direct\showbase\EventManager.py", line 122, in processEvent
    messenger.send(eventName, paramList)
  File "C:\Panda3D-1.8.1\direct\showbase\Messenger.py", line 397, in send
    self.__dispatch(acceptorDict, event, sentArgs, foundWatch)
  File "C:\Panda3D-1.8.1\direct\showbase\Messenger.py", line 482, in __dispatch
    method (*(extraArgs + sentArgs))
  File "C:\Panda3D-1.8.1\direct\gui\DirectButton.py", line 103, in commandFunc
    apply(self['command'], self['extraArgs'])
  File "pirates\piratesgui\GameOptionsGui.py", line 1219, in defaultButtonCB
    self.defaultDialog = PDialog.PDialog(parent = self, text = PLocalizer.GameOptionsDefaultConfirm, style = OTPDialog.YesNo, giveMouse = False, command = self.defaultDialogCB)
  File "pirates\piratesgui\PDialog.py", line 90, in __init__
    DirectDialog.__init__(self, parent)
  File "C:\Panda3D-1.8.1\direct\gui\DirectDialog.py", line 123, in __init__
    DirectFrame.__init__(self, parent)
  File "C:\Panda3D-1.8.1\direct\gui\DirectFrame.py", line 45, in __init__
    DirectGuiWidget.__init__(self, parent)
  File "C:\Panda3D-1.8.1\direct\gui\DirectGuiBase.py", line 748, in __init__
    self.assign(parent.attachNewNode(self.guiItem, self['sortOrder']))
AssertionError: _error_type == ET_ok at line 885 of panda/src/pgraph/nodePath.cxx
Traceback (most recent call last):
  File "C:\Panda3D-1.8.1\direct\distributed\ConnectionRepository.py", line 610, in readerPollUntilEmpty
    while self.readerPollOnce():
  File "C:\Panda3D-1.8.1\direct\distributed\ConnectionRepository.py", line 615, in readerPollOnce
    if self.checkDatagram():
  File "C:\Panda3D-1.8.1\direct\showbase\EventManager.py", line 61, in eventLoopTask
    self.doEvents()
  File "C:\Panda3D-1.8.1\direct\showbase\EventManager.py", line 55, in doEvents
    processFunc(self.eventQueue.dequeueEvent())
  File "C:\Panda3D-1.8.1\direct\showbase\EventManager.py", line 122, in processEvent
    messenger.send(eventName, paramList)
  File "C:\Panda3D-1.8.1\direct\showbase\Messenger.py", line 397, in send
    self.__dispatch(acceptorDict, event, sentArgs, foundWatch)
  File "C:\Panda3D-1.8.1\direct\showbase\Messenger.py", line 482, in __dispatch
    method (*(extraArgs + sentArgs))
  File "C:\Panda3D-1.8.1\direct\gui\DirectButton.py", line 103, in commandFunc
    apply(self['command'], self['extraArgs'])
  File "pirates\piratesgui\GameOptionsGui.py", line 1219, in defaultButtonCB
    self.defaultDialog = PDialog.PDialog(parent = self, text = PLocalizer.GameOptionsDefaultConfirm, style = OTPDialog.YesNo, giveMouse = False, command = self.defaultDialogCB)
  File "pirates\piratesgui\PDialog.py", line 90, in __init__
    DirectDialog.__init__(self, parent)
  File "C:\Panda3D-1.8.1\direct\gui\DirectDialog.py", line 123, in __init__
    DirectFrame.__init__(self, parent)
  File "C:\Panda3D-1.8.1\direct\gui\DirectFrame.py", line 45, in __init__
    DirectGuiWidget.__init__(self, parent)
  File "C:\Panda3D-1.8.1\direct\gui\DirectGuiBase.py", line 748, in __init__
    self.assign(parent.attachNewNode(self.guiItem, self['sortOrder']))
AssertionError: _error_type == ET_ok at line 885 of panda/src/pgraph/nodePath.cxx
Traceback (most recent call last):
  File "C:\Panda3D-1.8.1\python\lib\runpy.py", line 162, in _run_module_as_main
    "__main__", fname, loader, pkg_name)
  File "C:\Panda3D-1.8.1\python\lib\runpy.py", line 72, in _run_code
    exec code in run_globals
  File "C:\Users\Tyler\Desktop\POTCOR-src\pirates\piratesbase\PiratesStart.py", line 79, in <module>
    run()
  File "C:\Panda3D-1.8.1\direct\showbase\ShowBase.py", line 2921, in run
    self.taskMgr.run()
  File "C:\Panda3D-1.8.1\direct\task\Task.py", line 502, in run
    self.step()
  File "C:\Panda3D-1.8.1\direct\task\Task.py", line 460, in step
    self.mgr.poll()
  File "C:\Panda3D-1.8.1\direct\distributed\ConnectionRepository.py", line 610, in readerPollUntilEmpty
    while self.readerPollOnce():
  File "C:\Panda3D-1.8.1\direct\distributed\ConnectionRepository.py", line 615, in readerPollOnce
    if self.checkDatagram():
  File "C:\Panda3D-1.8.1\direct\showbase\EventManager.py", line 61, in eventLoopTask
    self.doEvents()
  File "C:\Panda3D-1.8.1\direct\showbase\EventManager.py", line 55, in doEvents
    processFunc(self.eventQueue.dequeueEvent())
  File "C:\Panda3D-1.8.1\direct\showbase\EventManager.py", line 122, in processEvent
    messenger.send(eventName, paramList)
  File "C:\Panda3D-1.8.1\direct\showbase\Messenger.py", line 397, in send
    self.__dispatch(acceptorDict, event, sentArgs, foundWatch)
  File "C:\Panda3D-1.8.1\direct\showbase\Messenger.py", line 482, in __dispatch
    method (*(extraArgs + sentArgs))
  File "C:\Panda3D-1.8.1\direct\gui\DirectButton.py", line 103, in commandFunc
    apply(self['command'], self['extraArgs'])
  File "pirates\piratesgui\GameOptionsGui.py", line 1219, in defaultButtonCB
    self.defaultDialog = PDialog.PDialog(parent = self, text = PLocalizer.GameOptionsDefaultConfirm, style = OTPDialog.YesNo, giveMouse = False, command = self.defaultDialogCB)
  File "pirates\piratesgui\PDialog.py", line 90, in __init__
    DirectDialog.__init__(self, parent)
  File "C:\Panda3D-1.8.1\direct\gui\DirectDialog.py", line 123, in __init__
    DirectFrame.__init__(self, parent)
  File "C:\Panda3D-1.8.1\direct\gui\DirectFrame.py", line 45, in __init__
    DirectGuiWidget.__init__(self, parent)
  File "C:\Panda3D-1.8.1\direct\gui\DirectGuiBase.py", line 748, in __init__
    self.assign(parent.attachNewNode(self.guiItem, self['sortOrder']))
AssertionError: _error_type == ET_ok at line 885 of panda/src/pgraph/nodePath.cxx
