1 explicit pages:
  config/english/config_en.prc

2 implicit pages:
  /c/Panda3D-1.8.1/etc/Config.prc
  /c/Panda3D-1.8.1/etc/Confauto.prc

serverVersion:  sv-1.0.0
PAccount: accountServer from launcher:  
PAccount: default accountServer:  https://pirates.go.com
Initializing quest ladders...
:MagicWordManager(warning): You risk being banned if you abuse this mate!
:MagicWordManager(warning): I will have Jack cut you into pieces! (a.k.a. banned forever)
:DistributedObjectGlobal(warning): ChatManager going online
:DistributedShipLoader(warning): ShipLoader going online
########## startReaderPollTask Pirate
########## stopReaderPollTask Pirate
########## startReaderPollTask Pirate
########## stopReaderPollTask Pirate
New DO:401000001, dclass:PiratesDistrict
New DO:401000002, dclass:DistributedPopulationTracker
getSubTimeList
 sub was None for 0
setEnvironment unnamed 8 {}
getSubTimeList
 sub was None for 8
Cannot configure initialisation option "scale" for DirectFrame
{0: {'options': {'execute': 'findPvp'}}, 1: {'style': {0: {'options': {9: [5, '8'], 7: [0, ['2', '3', '4', '5', '6']]}}, 2: {'options': {9: [5, '8'], 7: [0, ['4', '6']]}}}}, 2: {'options': {'execute': 'find'}}, 4: {'style': {10: {'options': {9: [5, '6']}}, 11: {'options': {9: [5, '6']}}}}, 5: {'style': <function gatherGameStyleInfo at 0x1FD9FB30>, 'hidden': True}}
Traceback (most recent call last):
  File "C:\Panda3D-1.8.1\direct\distributed\ConnectionRepository.py", line 610, in readerPollUntilEmpty
    while self.readerPollOnce():
  File "C:\Panda3D-1.8.1\direct\distributed\ConnectionRepository.py", line 617, in readerPollOnce
    self.handleDatagram(self.private__di)
  File "otp\distributed\OTPClientRepository.py", line 2416, in handleDatagram
    self.handler(msgType, di)
  File "otp\distributed\OTPClientRepository.py", line 1330, in handleWaitForSetAvatarResponse
    self.handleMessageType(msgType, di)
  File "otp\distributed\OTPClientRepository.py", line 2294, in handleMessageType
    self.handleGenerateWithRequiredOtherOwner(di)
  File "otp\distributed\OTPClientRepository.py", line 2548, in handleGenerateWithRequiredOtherOwner
    self.handleAvatarResponseMsg(doId, di)
  File "pirates\distributed\PiratesClientRepository.py", line 584, in handleAvatarResponseMsg
    localAvatar = LocalPirate(self)
  File "pirates\pirate\LocalPirate.py", line 120, in __init__
    self.guiMgr = GuiManager.GuiManager(self)
  File "pirates\piratesgui\GuiManager.py", line 350, in __init__
    self.lookoutPage = LookoutRequestLVL1.LookoutRequestLVL1(PLocalizer.LookoutPanelTitle, base.cr.matchMaker, self)
  File "pirates\piratesgui\LookoutRequestLVL1.py", line 64, in __init__
    self._createIface()
  File "pirates\piratesgui\LookoutRequestLVL1.py", line 857, in _createIface
    self.createRequestIface()
  File "pirates\piratesgui\LookoutRequestLVL1.py", line 930, in createRequestIface
    self.activityListItems.setup()
  File "pirates\piratesgui\ListFrame.py", line 42, in setup
    self._createIface()
  File "pirates\piratesgui\ListFrame.py", line 158, in _createIface
    itmPtr = self.createListItem(currItem, revealTime)
  File "pirates\piratesgui\ListFrame.py", line 96, in createListItem
    newItem = self.createNewItem(currItem, itemType, columnWidths, color)
  File "pirates\piratesgui\ListFrame.py", line 65, in createNewItem
    return self.holder.createNewItem(item, self, itemType, columnWidths, color)
  File "pirates\piratesgui\LookoutRequestLVL1.py", line 456, in createNewItem
    newItem = LookoutListItem(item, self.LOOKOUT_GUI_FILE, 0.16, 0.75, parent, parentList = self, txtColor = color, pressEffect = False, frameColor = (0, 0, 0, 0), wantFrame = True)
  File "pirates\piratesgui\LookoutListItem.py", line 13, in __init__
    ButtonListItem.ButtonListItem.__init__(self, itemInfo, itemHeight, itemWidth, parent, parentList, textScale, txtColor, **None)
TypeError: __init__() argument after ** must be a mapping, not NoneType
Traceback (most recent call last):
  File "C:\Panda3D-1.8.1\python\lib\runpy.py", line 162, in _run_module_as_main
    "__main__", fname, loader, pkg_name)
  File "C:\Panda3D-1.8.1\python\lib\runpy.py", line 72, in _run_code
    exec code in run_globals
  File "C:\Users\Tyler\Desktop\POTCOR-src\pirates\piratesbase\PiratesStart.py", line 79, in <module>
    run()
  File "C:\Panda3D-1.8.1\direct\showbase\ShowBase.py", line 2921, in run
    self.taskMgr.run()
  File "C:\Panda3D-1.8.1\direct\task\Task.py", line 502, in run
    self.step()
  File "C:\Panda3D-1.8.1\direct\task\Task.py", line 460, in step
    self.mgr.poll()
  File "C:\Panda3D-1.8.1\direct\distributed\ConnectionRepository.py", line 610, in readerPollUntilEmpty
    while self.readerPollOnce():
  File "C:\Panda3D-1.8.1\direct\distributed\ConnectionRepository.py", line 617, in readerPollOnce
    self.handleDatagram(self.private__di)
  File "otp\distributed\OTPClientRepository.py", line 2416, in handleDatagram
    self.handler(msgType, di)
  File "otp\distributed\OTPClientRepository.py", line 1330, in handleWaitForSetAvatarResponse
    self.handleMessageType(msgType, di)
  File "otp\distributed\OTPClientRepository.py", line 2294, in handleMessageType
    self.handleGenerateWithRequiredOtherOwner(di)
  File "otp\distributed\OTPClientRepository.py", line 2548, in handleGenerateWithRequiredOtherOwner
    self.handleAvatarResponseMsg(doId, di)
  File "pirates\distributed\PiratesClientRepository.py", line 584, in handleAvatarResponseMsg
    localAvatar = LocalPirate(self)
  File "pirates\pirate\LocalPirate.py", line 120, in __init__
    self.guiMgr = GuiManager.GuiManager(self)
  File "pirates\piratesgui\GuiManager.py", line 350, in __init__
    self.lookoutPage = LookoutRequestLVL1.LookoutRequestLVL1(PLocalizer.LookoutPanelTitle, base.cr.matchMaker, self)
  File "pirates\piratesgui\LookoutRequestLVL1.py", line 64, in __init__
    self._createIface()
  File "pirates\piratesgui\LookoutRequestLVL1.py", line 857, in _createIface
    self.createRequestIface()
  File "pirates\piratesgui\LookoutRequestLVL1.py", line 930, in createRequestIface
    self.activityListItems.setup()
  File "pirates\piratesgui\ListFrame.py", line 42, in setup
    self._createIface()
  File "pirates\piratesgui\ListFrame.py", line 158, in _createIface
    itmPtr = self.createListItem(currItem, revealTime)
  File "pirates\piratesgui\ListFrame.py", line 96, in createListItem
    newItem = self.createNewItem(currItem, itemType, columnWidths, color)
  File "pirates\piratesgui\ListFrame.py", line 65, in createNewItem
    return self.holder.createNewItem(item, self, itemType, columnWidths, color)
  File "pirates\piratesgui\LookoutRequestLVL1.py", line 456, in createNewItem
    newItem = LookoutListItem(item, self.LOOKOUT_GUI_FILE, 0.16, 0.75, parent, parentList = self, txtColor = color, pressEffect = False, frameColor = (0, 0, 0, 0), wantFrame = True)
  File "pirates\piratesgui\LookoutListItem.py", line 13, in __init__
    ButtonListItem.ButtonListItem.__init__(self, itemInfo, itemHeight, itemWidth, parent, parentList, textScale, txtColor, **None)
TypeError: __init__() argument after ** must be a mapping, not NoneType
