1 explicit pages:
  config/english/config_en.prc

2 implicit pages:
  /c/Panda3D-1.8.1/etc/Config.prc
  /c/Panda3D-1.8.1/etc/Confauto.prc

serverVersion:  sv-1.0.0
PAccount: accountServer from launcher:  
PAccount: default accountServer:  https://pirates.go.com
Initializing quest ladders...
:MagicWordManager(warning): You risk being banned if you abuse this mate!
:MagicWordManager(warning): I will have Jack cut you into pieces! (a.k.a. banned forever)
:DistributedObjectGlobal(warning): ChatManager going online
:DistributedShipLoader(warning): ShipLoader going online
########## startReaderPollTask Pirate
########## stopReaderPollTask Pirate
########## startReaderPollTask Pirate
########## stopReaderPollTask Pirate
:ClassicFSM(warning): [loginFSM]: no transition exists from waitForGameList to shutdown
:ClassicFSM(warning): [loginFSM]: no transition exists from waitForGameList to shutdown
:ClassicFSM(warning): [loginFSM]: no transition exists from waitForGameList to shutdown
:ClassicFSM(warning): [loginFSM]: no transition exists from waitForGameList to shutdown
:ClassicFSM(warning): [loginFSM]: no transition exists from waitForGameList to shutdown
:ClassicFSM(warning): [loginFSM]: no transition exists from waitForGameList to shutdown
:ClassicFSM(warning): [loginFSM]: no transition exists from waitForGameList to shutdown
:ClassicFSM(warning): [loginFSM]: no transition exists from waitForGameList to shutdown
:PiratesBase(warning): Could not request shutdown; exiting anyway.
