1 explicit pages:
  config/english/config_en.prc

2 implicit pages:
  /c/Panda3D-1.8.1/etc/Config.prc
  /c/Panda3D-1.8.1/etc/Confauto.prc

serverVersion:  sv-1.0.0
PAccount: accountServer from launcher:  
PAccount: default accountServer:  https://pirates.go.com
Initializing quest ladders...
:MagicWordManager(warning): You risk being banned if you abuse this mate!
:MagicWordManager(warning): I will have Jack cut you into pieces! (a.k.a. banned forever)
:DistributedObjectGlobal(warning): ChatManager going online
:DistributedShipLoader(warning): ShipLoader going online
########## startReaderPollTask Pirate
########## stopReaderPollTask Pirate
########## startReaderPollTask Pirate
########## stopReaderPollTask Pirate
New DO:401000001, dclass:PiratesDistrict
New DO:401000002, dclass:DistributedPopulationTracker
getSubTimeList
 sub was None for 0
setEnvironment unnamed 8 {}
getSubTimeList
 sub was None for 8
Cannot configure initialisation option "scale" for DirectFrame
Traceback (most recent call last):
  File "C:\Panda3D-1.8.1\direct\distributed\ConnectionRepository.py", line 610, in readerPollUntilEmpty
    while self.readerPollOnce():
  File "C:\Panda3D-1.8.1\direct\distributed\ConnectionRepository.py", line 617, in readerPollOnce
    self.handleDatagram(self.private__di)
  File "otp\distributed\OTPClientRepository.py", line 2416, in handleDatagram
    self.handler(msgType, di)
  File "otp\distributed\OTPClientRepository.py", line 1330, in handleWaitForSetAvatarResponse
    self.handleMessageType(msgType, di)
  File "otp\distributed\OTPClientRepository.py", line 2294, in handleMessageType
    self.handleGenerateWithRequiredOtherOwner(di)
  File "otp\distributed\OTPClientRepository.py", line 2548, in handleGenerateWithRequiredOtherOwner
    self.handleAvatarResponseMsg(doId, di)
  File "pirates\distributed\PiratesClientRepository.py", line 584, in handleAvatarResponseMsg
    localAvatar = LocalPirate(self)
  File "pirates\pirate\LocalPirate.py", line 120, in __init__
    self.guiMgr = GuiManager.GuiManager(self)
  File "pirates\piratesgui\GuiManager.py", line 312, in __init__
    self.crewPage = CrewPage.CrewPage(self.crewHUD)
  File "pirates\piratesgui\CrewPage.py", line 41, in __init__
    self.load()
  File "pirates\piratesgui\CrewPage.py", line 63, in load
    self.determineOptionsButtonsState()
  File "pirates\piratesgui\CrewPage.py", line 80, in determineOptionsButtonsState
    if (self.crewHUD.crew or DistributedBandMember.DistributedBandMember.IsLocalAvatarHeadOfBand() == 1 or self.crewHUD.startACrewState) and not (self.crewHUD.inTM):
  File "pirates\band\DistributedBandMember.py", line 72, in IsLocalAvatarHeadOfBand
    return cls.IsAvatarHeadOfBand(base.localAvatar.doId)
AttributeError: PiratesBase instance has no attribute 'localAvatar'
Traceback (most recent call last):
  File "C:\Panda3D-1.8.1\python\lib\runpy.py", line 162, in _run_module_as_main
    "__main__", fname, loader, pkg_name)
  File "C:\Panda3D-1.8.1\python\lib\runpy.py", line 72, in _run_code
    exec code in run_globals
  File "C:\Users\Tyler\Desktop\POTCOR-src\pirates\piratesbase\PiratesStart.py", line 79, in <module>
    run()
  File "C:\Panda3D-1.8.1\direct\showbase\ShowBase.py", line 2921, in run
    self.taskMgr.run()
  File "C:\Panda3D-1.8.1\direct\task\Task.py", line 502, in run
    self.step()
  File "C:\Panda3D-1.8.1\direct\task\Task.py", line 460, in step
    self.mgr.poll()
  File "C:\Panda3D-1.8.1\direct\distributed\ConnectionRepository.py", line 610, in readerPollUntilEmpty
    while self.readerPollOnce():
  File "C:\Panda3D-1.8.1\direct\distributed\ConnectionRepository.py", line 617, in readerPollOnce
    self.handleDatagram(self.private__di)
  File "otp\distributed\OTPClientRepository.py", line 2416, in handleDatagram
    self.handler(msgType, di)
  File "otp\distributed\OTPClientRepository.py", line 1330, in handleWaitForSetAvatarResponse
    self.handleMessageType(msgType, di)
  File "otp\distributed\OTPClientRepository.py", line 2294, in handleMessageType
    self.handleGenerateWithRequiredOtherOwner(di)
  File "otp\distributed\OTPClientRepository.py", line 2548, in handleGenerateWithRequiredOtherOwner
    self.handleAvatarResponseMsg(doId, di)
  File "pirates\distributed\PiratesClientRepository.py", line 584, in handleAvatarResponseMsg
    localAvatar = LocalPirate(self)
  File "pirates\pirate\LocalPirate.py", line 120, in __init__
    self.guiMgr = GuiManager.GuiManager(self)
  File "pirates\piratesgui\GuiManager.py", line 312, in __init__
    self.crewPage = CrewPage.CrewPage(self.crewHUD)
  File "pirates\piratesgui\CrewPage.py", line 41, in __init__
    self.load()
  File "pirates\piratesgui\CrewPage.py", line 63, in load
    self.determineOptionsButtonsState()
  File "pirates\piratesgui\CrewPage.py", line 80, in determineOptionsButtonsState
    if (self.crewHUD.crew or DistributedBandMember.DistributedBandMember.IsLocalAvatarHeadOfBand() == 1 or self.crewHUD.startACrewState) and not (self.crewHUD.inTM):
  File "pirates\band\DistributedBandMember.py", line 72, in IsLocalAvatarHeadOfBand
    return cls.IsAvatarHeadOfBand(base.localAvatar.doId)
AttributeError: PiratesBase instance has no attribute 'localAvatar'
