1 explicit pages:
  config/english/config_en.prc

2 implicit pages:
  /c/Panda3D-1.8.1/etc/Config.prc
  /c/Panda3D-1.8.1/etc/Confauto.prc

serverVersion:  sv-1.0.0
PAccount: accountServer from launcher:  
PAccount: default accountServer:  https://pirates.go.com
Initializing quest ladders...
:MagicWordManager(warning): You risk being banned if you abuse this mate!
:MagicWordManager(warning): I will have Jack cut you into pieces! (a.k.a. banned forever)
:DistributedObjectGlobal(warning): ChatManager going online
:DistributedShipLoader(warning): ShipLoader going online
########## startReaderPollTask Pirate
########## stopReaderPollTask Pirate
Traceback (most recent call last):
  File "C:\Panda3D-1.8.1\direct\distributed\ConnectionRepository.py", line 610, in readerPollUntilEmpty
    while self.readerPollOnce():
  File "C:\Panda3D-1.8.1\direct\distributed\ConnectionRepository.py", line 617, in readerPollOnce
    self.handleDatagram(self.private__di)
  File "otp\distributed\OTPClientRepository.py", line 2417, in handleDatagram
    self.handler(msgType, di)
  File "otp\distributed\OTPClientRepository.py", line 479, in handleConnecting
    self.loginFSM.request('login')
  File "C:\Panda3D-1.8.1\direct\fsm\ClassicFSM.py", line 284, in request
    exitArgList)
  File "C:\Panda3D-1.8.1\direct\fsm\ClassicFSM.py", line 231, in __transition
    self.__enter(aState, enterArgList)
  File "C:\Panda3D-1.8.1\direct\fsm\ClassicFSM.py", line 217, in __enter
    aState.enter(argList)
  File "C:\Panda3D-1.8.1\direct\fsm\State.py", line 204, in enter
    apply(self.__enterFunc, argList)
  File "otp\distributed\OTPClientRepository.py", line 514, in enterLogin
    self.loginScreen.enter()
  File "otp\login\LoginScreen.py", line 127, in enter
    self.fsm.request('waitForLoginResponse')
  File "C:\Panda3D-1.8.1\direct\fsm\ClassicFSM.py", line 284, in request
    exitArgList)
  File "C:\Panda3D-1.8.1\direct\fsm\ClassicFSM.py", line 231, in __transition
    self.__enter(aState, enterArgList)
  File "C:\Panda3D-1.8.1\direct\fsm\ClassicFSM.py", line 217, in __enter
    aState.enter(argList)
  File "C:\Panda3D-1.8.1\direct\fsm\State.py", line 204, in enter
    apply(self.__enterFunc, argList)
  File "otp\login\LoginScreen.py", line 267, in enterWaitForLoginResponse
    self.loginInterface.sendLoginMsg()
  File "otp\login\LoginTTAccount.py", line 36, in sendLoginMsg
    datagram.addUint16(CLIENT_LOGIN_2)
NameError: global name 'CLIENT_LOGIN_2' is not defined
Traceback (most recent call last):
  File "C:\Panda3D-1.8.1\python\lib\runpy.py", line 162, in _run_module_as_main
    "__main__", fname, loader, pkg_name)
  File "C:\Panda3D-1.8.1\python\lib\runpy.py", line 72, in _run_code
    exec code in run_globals
  File "C:\Users\Tyler\Desktop\POTCOR-src-master\POTCOR-src-master\pirates\piratesbase\PiratesStart.py", line 79, in <module>
    run()
  File "C:\Panda3D-1.8.1\direct\showbase\ShowBase.py", line 2921, in run
    self.taskMgr.run()
  File "C:\Panda3D-1.8.1\direct\task\Task.py", line 502, in run
    self.step()
  File "C:\Panda3D-1.8.1\direct\task\Task.py", line 460, in step
    self.mgr.poll()
  File "C:\Panda3D-1.8.1\direct\distributed\ConnectionRepository.py", line 610, in readerPollUntilEmpty
    while self.readerPollOnce():
  File "C:\Panda3D-1.8.1\direct\distributed\ConnectionRepository.py", line 617, in readerPollOnce
    self.handleDatagram(self.private__di)
  File "otp\distributed\OTPClientRepository.py", line 2417, in handleDatagram
    self.handler(msgType, di)
  File "otp\distributed\OTPClientRepository.py", line 479, in handleConnecting
    self.loginFSM.request('login')
  File "C:\Panda3D-1.8.1\direct\fsm\ClassicFSM.py", line 284, in request
    exitArgList)
  File "C:\Panda3D-1.8.1\direct\fsm\ClassicFSM.py", line 231, in __transition
    self.__enter(aState, enterArgList)
  File "C:\Panda3D-1.8.1\direct\fsm\ClassicFSM.py", line 217, in __enter
    aState.enter(argList)
  File "C:\Panda3D-1.8.1\direct\fsm\State.py", line 204, in enter
    apply(self.__enterFunc, argList)
  File "otp\distributed\OTPClientRepository.py", line 514, in enterLogin
    self.loginScreen.enter()
  File "otp\login\LoginScreen.py", line 127, in enter
    self.fsm.request('waitForLoginResponse')
  File "C:\Panda3D-1.8.1\direct\fsm\ClassicFSM.py", line 284, in request
    exitArgList)
  File "C:\Panda3D-1.8.1\direct\fsm\ClassicFSM.py", line 231, in __transition
    self.__enter(aState, enterArgList)
  File "C:\Panda3D-1.8.1\direct\fsm\ClassicFSM.py", line 217, in __enter
    aState.enter(argList)
  File "C:\Panda3D-1.8.1\direct\fsm\State.py", line 204, in enter
    apply(self.__enterFunc, argList)
  File "otp\login\LoginScreen.py", line 267, in enterWaitForLoginResponse
    self.loginInterface.sendLoginMsg()
  File "otp\login\LoginTTAccount.py", line 36, in sendLoginMsg
    datagram.addUint16(CLIENT_LOGIN_2)
NameError: global name 'CLIENT_LOGIN_2' is not defined
