1 explicit pages:
  config/english/config_en.prc

2 implicit pages:
  /c/Panda3D-1.8.1/etc/Config.prc
  /c/Panda3D-1.8.1/etc/Confauto.prc

Traceback (most recent call last):
  File "C:\Panda3D-1.8.1\python\lib\runpy.py", line 162, in _run_module_as_main
    "__main__", fname, loader, pkg_name)
  File "C:\Panda3D-1.8.1\python\lib\runpy.py", line 72, in _run_code
    exec code in run_globals
  File "C:\Users\Tyler\Desktop\POTCOR-src-master\POTCOR-src-master\pirates\piratesbase\PiratesStart.py", line 34, in <module>
    PiratesBase.PiratesBase()
  File "pirates\piratesbase\PiratesBase.py", line 206, in __init__
    self.loadingScreen.tick()
  File "pirates\piratesbase\FancyLoadingScreen.py", line 489, in tick
    self.update()
  File "pirates\piratesbase\FancyLoadingScreen.py", line 642, in update
    base.eventMgr.doEvents()
  File "C:\Panda3D-1.8.1\direct\showbase\EventManager.py", line 55, in doEvents
    processFunc(self.eventQueue.dequeueEvent())
  File "C:\Panda3D-1.8.1\direct\showbase\EventManager.py", line 122, in processEvent
    messenger.send(eventName, paramList)
  File "C:\Panda3D-1.8.1\direct\showbase\Messenger.py", line 397, in send
    self.__dispatch(acceptorDict, event, sentArgs, foundWatch)
  File "C:\Panda3D-1.8.1\direct\showbase\Messenger.py", line 482, in __dispatch
    method (*(extraArgs + sentArgs))
  File "C:\Panda3D-1.8.1\direct\showbase\ShowBase.py", line 2613, in windowEvent
    self.userExit()
  File "pirates\piratesbase\PiratesBase.py", line 927, in userExit
    if self._PiratesBase__alreadyExiting:
AttributeError: PiratesBase instance has no attribute '_PiratesBase__alreadyExiting'
