1 explicit pages:
  config/english/config_en.prc

2 implicit pages:
  /c/Panda3D-1.8.1/etc/Config.prc
  /c/Panda3D-1.8.1/etc/Confauto.prc

serverVersion:  no_version_set
PAccount: accountServer from launcher:  
PAccount: default accountServer:  https://pirates.go.com
Initializing quest ladders...
:QuestParser(warning): Ignored token type: COMMENT on line: 1
:QuestParser(warning): Ignored token type: COMMENT on line: 2
:QuestParser(warning): Ignored token type: COMMENT on line: 21
:QuestParser(warning): Ignored token type: COMMENT on line: 28
:QuestParser(warning): Ignored token type: COMMENT on line: 68
:QuestParser(warning): Ignored token type: COMMENT on line: 78
:QuestParser(warning): Ignored token type: COMMENT on line: 79
:QuestParser(warning): Ignored token type: COMMENT on line: 80
:QuestParser(warning): Ignored token type: COMMENT on line: 81
:QuestParser(warning): Ignored token type: COMMENT on line: 86
:QuestParser(warning): Ignored token type: COMMENT on line: 87
:QuestParser(warning): Ignored token type: COMMENT on line: 88
:QuestParser(warning): Ignored token type: COMMENT on line: 89
:QuestParser(warning): Ignored token type: COMMENT on line: 90
:QuestParser(warning): Ignored token type: COMMENT on line: 91
:QuestParser(warning): Ignored token type: COMMENT on line: 92
:QuestParser(warning): Ignored token type: COMMENT on line: 93
:QuestParser(warning): Ignored token type: COMMENT on line: 109
:QuestParser(warning): Ignored token type: COMMENT on line: 110
:QuestParser(warning): Ignored token type: COMMENT on line: 111
:QuestParser(warning): Ignored token type: COMMENT on line: 112
:QuestParser(warning): Ignored token type: COMMENT on line: 113
:QuestParser(warning): Ignored token type: COMMENT on line: 114
:QuestParser(warning): Ignored token type: COMMENT on line: 115
:QuestParser(warning): Ignored token type: COMMENT on line: 116
:QuestParser(warning): Ignored token type: COMMENT on line: 117
:QuestParser(warning): Ignored token type: COMMENT on line: 118
:QuestParser(warning): Ignored token type: COMMENT on line: 120
:QuestParser(warning): Ignored token type: COMMENT on line: 121
:QuestParser(warning): Ignored token type: COMMENT on line: 122
:QuestParser(warning): Ignored token type: COMMENT on line: 124
:QuestParser(warning): Ignored token type: COMMENT on line: 125
:QuestParser(warning): Ignored token type: COMMENT on line: 126
:QuestParser(warning): Ignored token type: COMMENT on line: 127
:QuestParser(warning): Ignored token type: COMMENT on line: 128
:QuestParser(warning): Ignored token type: COMMENT on line: 129
:QuestParser(warning): Ignored token type: COMMENT on line: 130
:QuestParser(warning): Ignored token type: COMMENT on line: 131
:QuestParser(warning): Ignored token type: COMMENT on line: 132
:QuestParser(warning): Ignored token type: COMMENT on line: 133
:QuestParser(warning): Ignored token type: COMMENT on line: 134
:QuestParser(warning): Ignored token type: COMMENT on line: 135
:QuestParser(warning): Ignored token type: COMMENT on line: 136
:QuestParser(warning): Ignored token type: COMMENT on line: 137
:QuestParser(warning): Ignored token type: COMMENT on line: 138
:QuestParser(warning): Ignored token type: COMMENT on line: 139
:QuestParser(warning): Ignored token type: COMMENT on line: 140
:QuestParser(warning): Ignored token type: COMMENT on line: 161
:QuestParser(warning): Ignored token type: COMMENT on line: 163
:QuestParser(warning): Ignored token type: COMMENT on line: 168
:QuestParser(warning): Ignored token type: COMMENT on line: 169
:QuestParser(warning): Ignored token type: COMMENT on line: 170
:QuestParser(warning): Ignored token type: COMMENT on line: 172
:QuestParser(warning): Ignored token type: COMMENT on line: 179
:QuestParser(warning): Ignored token type: COMMENT on line: 182
:QuestParser(warning): Ignored token type: COMMENT on line: 183
:QuestParser(warning): Ignored token type: COMMENT on line: 184
:QuestParser(warning): Ignored token type: COMMENT on line: 185
:QuestParser(warning): Ignored token type: COMMENT on line: 186
:QuestParser(warning): Ignored token type: COMMENT on line: 188
:QuestParser(warning): Ignored token type: COMMENT on line: 190
:QuestParser(warning): Ignored token type: COMMENT on line: 203
:QuestParser(warning): Ignored token type: COMMENT on line: 204
:QuestParser(warning): Ignored token type: COMMENT on line: 205
:QuestParser(warning): Ignored token type: COMMENT on line: 206
:QuestParser(warning): Ignored token type: COMMENT on line: 207
:QuestParser(warning): Ignored token type: COMMENT on line: 208
:QuestParser(warning): Ignored token type: COMMENT on line: 209
:QuestParser(warning): Ignored token type: COMMENT on line: 210
:QuestParser(warning): Ignored token type: COMMENT on line: 211
:QuestParser(warning): Ignored token type: COMMENT on line: 212
:QuestParser(warning): Ignored token type: COMMENT on line: 213
:QuestParser(warning): Ignored token type: COMMENT on line: 214
:QuestParser(warning): Ignored token type: COMMENT on line: 215
:QuestParser(warning): Ignored token type: COMMENT on line: 216
:QuestParser(warning): Ignored token type: COMMENT on line: 217
:QuestParser(warning): Ignored token type: COMMENT on line: 218
:QuestParser(warning): Ignored token type: COMMENT on line: 219
:QuestParser(warning): Ignored token type: COMMENT on line: 221
:QuestParser(warning): Ignored token type: COMMENT on line: 222
:QuestParser(warning): Ignored token type: COMMENT on line: 223
:QuestParser(warning): Ignored token type: COMMENT on line: 226
:QuestParser(warning): Ignored token type: COMMENT on line: 233
:QuestParser(warning): Ignored token type: COMMENT on line: 234
:QuestParser(warning): Ignored token type: COMMENT on line: 235
:QuestParser(warning): Ignored token type: COMMENT on line: 237
:QuestParser(warning): Ignored token type: COMMENT on line: 240
:QuestParser(warning): Ignored token type: COMMENT on line: 243
:QuestParser(warning): Ignored token type: COMMENT on line: 245
:QuestParser(warning): Ignored token type: COMMENT on line: 247
:QuestParser(warning): Ignored token type: COMMENT on line: 249
:QuestParser(warning): Ignored token type: COMMENT on line: 250
:QuestParser(warning): Ignored token type: COMMENT on line: 251
:QuestParser(warning): Ignored token type: COMMENT on line: 252
:QuestParser(warning): Ignored token type: COMMENT on line: 258
:QuestParser(warning): Ignored token type: COMMENT on line: 262
:QuestParser(warning): Ignored token type: COMMENT on line: 264
:QuestParser(warning): Ignored token type: COMMENT on line: 268
:QuestParser(warning): Ignored token type: COMMENT on line: 273
:QuestParser(warning): Ignored token type: COMMENT on line: 275
:QuestParser(warning): Ignored token type: COMMENT on line: 276
:QuestParser(warning): Ignored token type: COMMENT on line: 281
:QuestParser(warning): Ignored token type: COMMENT on line: 283
:QuestParser(warning): Ignored token type: COMMENT on line: 284
:QuestParser(warning): Ignored token type: COMMENT on line: 288
:QuestParser(warning): Ignored token type: COMMENT on line: 294
:QuestParser(warning): Ignored token type: COMMENT on line: 296
:QuestParser(warning): Ignored token type: COMMENT on line: 297
:QuestParser(warning): Ignored token type: COMMENT on line: 301
:QuestParser(warning): Ignored token type: COMMENT on line: 302
:QuestParser(warning): Ignored token type: COMMENT on line: 306
:QuestParser(warning): Ignored token type: COMMENT on line: 308
:QuestParser(warning): Ignored token type: COMMENT on line: 318
:QuestParser(warning): Ignored token type: COMMENT on line: 328
:QuestParser(warning): Ignored token type: COMMENT on line: 338
:QuestParser(warning): Ignored token type: COMMENT on line: 348
:QuestParser(warning): Ignored token type: COMMENT on line: 352
:QuestParser(warning): Ignored token type: COMMENT on line: 354
:QuestParser(warning): Ignored token type: COMMENT on line: 355
:QuestParser(warning): Ignored token type: COMMENT on line: 356
:QuestParser(warning): Ignored token type: COMMENT on line: 395
:QuestParser(warning): Ignored token type: COMMENT on line: 396
:QuestParser(warning): Ignored token type: COMMENT on line: 397
:QuestParser(warning): Ignored token type: COMMENT on line: 399
:QuestParser(warning): Ignored token type: COMMENT on line: 402
:QuestParser(warning): Ignored token type: COMMENT on line: 403
:QuestParser(warning): Ignored token type: COMMENT on line: 404
:QuestParser(warning): Ignored token type: COMMENT on line: 408
:QuestParser(warning): Ignored token type: COMMENT on line: 413
:QuestParser(warning): Ignored token type: COMMENT on line: 417
:QuestParser(warning): Ignored token type: COMMENT on line: 418
:QuestParser(warning): Ignored token type: COMMENT on line: 419
:QuestParser(warning): Ignored token type: COMMENT on line: 420
:QuestParser(warning): Ignored token type: COMMENT on line: 423
:QuestParser(warning): Ignored token type: COMMENT on line: 430
:QuestParser(warning): Ignored token type: COMMENT on line: 431
:QuestParser(warning): Ignored token type: COMMENT on line: 442
:QuestParser(warning): Ignored token type: COMMENT on line: 444
:QuestParser(warning): Ignored token type: COMMENT on line: 445
:QuestParser(warning): Ignored token type: COMMENT on line: 446
:QuestParser(warning): Ignored token type: COMMENT on line: 449
:QuestParser(warning): Ignored token type: COMMENT on line: 450
:QuestParser(warning): Ignored token type: COMMENT on line: 455
:QuestParser(warning): Ignored token type: COMMENT on line: 459
:QuestParser(warning): Ignored token type: COMMENT on line: 460
:QuestParser(warning): Ignored token type: COMMENT on line: 461
:QuestParser(warning): Ignored token type: COMMENT on line: 462
:QuestParser(warning): Ignored token type: COMMENT on line: 469
:QuestParser(warning): Ignored token type: COMMENT on line: 473
:QuestParser(warning): Ignored token type: COMMENT on line: 474
:QuestParser(warning): Ignored token type: COMMENT on line: 475
:QuestParser(warning): Ignored token type: COMMENT on line: 476
:QuestParser(warning): Ignored token type: COMMENT on line: 487
:QuestParser(warning): Ignored token type: COMMENT on line: 491
:QuestParser(warning): Ignored token type: COMMENT on line: 492
:QuestParser(warning): Ignored token type: COMMENT on line: 495
:QuestParser(warning): Ignored token type: COMMENT on line: 496
:QuestParser(warning): Ignored token type: COMMENT on line: 501
:QuestParser(warning): Ignored token type: COMMENT on line: 503
:QuestParser(warning): Ignored token type: COMMENT on line: 510
:QuestParser(warning): Ignored token type: COMMENT on line: 515
:QuestParser(warning): Ignored token type: COMMENT on line: 519
:QuestParser(warning): Ignored token type: COMMENT on line: 522
:QuestParser(warning): Ignored token type: COMMENT on line: 532
:QuestParser(warning): Ignored token type: COMMENT on line: 538
:QuestParser(warning): Ignored token type: COMMENT on line: 547
:QuestParser(warning): Ignored token type: COMMENT on line: 551
:QuestParser(warning): Ignored token type: COMMENT on line: 566
:QuestParser(warning): Ignored token type: COMMENT on line: 567
:QuestParser(warning): Ignored token type: COMMENT on line: 568
:QuestParser(warning): Ignored token type: COMMENT on line: 572
:QuestParser(warning): Ignored token type: COMMENT on line: 573
:QuestParser(warning): Ignored token type: COMMENT on line: 574
:QuestParser(warning): Ignored token type: COMMENT on line: 578
:QuestParser(warning): Ignored token type: COMMENT on line: 580
:QuestParser(warning): Ignored token type: COMMENT on line: 581
:QuestParser(warning): Ignored token type: COMMENT on line: 584
:QuestParser(warning): Ignored token type: COMMENT on line: 586
:QuestParser(warning): Ignored token type: COMMENT on line: 587
:QuestParser(warning): Ignored token type: COMMENT on line: 588
:QuestParser(warning): Ignored token type: COMMENT on line: 589
:QuestParser(warning): Ignored token type: COMMENT on line: 593
:QuestParser(warning): Ignored token type: COMMENT on line: 594
:QuestParser(warning): Ignored token type: COMMENT on line: 595
:QuestParser(warning): Ignored token type: COMMENT on line: 596
:QuestParser(warning): Ignored token type: COMMENT on line: 597
:QuestParser(warning): Ignored token type: COMMENT on line: 599
:QuestParser(warning): Ignored token type: COMMENT on line: 615
:QuestParser(warning): Ignored token type: COMMENT on line: 616
:QuestParser(warning): Ignored token type: COMMENT on line: 629
:QuestParser(warning): Ignored token type: COMMENT on line: 630
:QuestParser(warning): Ignored token type: COMMENT on line: 631
:QuestParser(warning): Ignored token type: COMMENT on line: 634
:QuestParser(warning): Ignored token type: COMMENT on line: 635
:QuestParser(warning): Ignored token type: COMMENT on line: 636
:QuestParser(warning): Ignored token type: COMMENT on line: 639
:QuestParser(warning): Ignored token type: COMMENT on line: 640
:QuestParser(warning): Ignored token type: COMMENT on line: 641
:QuestParser(warning): Ignored token type: COMMENT on line: 642
:QuestParser(warning): Ignored token type: COMMENT on line: 643
:QuestParser(warning): Ignored token type: COMMENT on line: 644
:QuestParser(warning): Ignored token type: COMMENT on line: 646
:QuestParser(warning): Ignored token type: COMMENT on line: 647
:QuestParser(warning): Ignored token type: COMMENT on line: 648
:QuestParser(warning): Ignored token type: COMMENT on line: 649
:QuestParser(warning): Ignored token type: COMMENT on line: 650
:QuestParser(warning): Ignored token type: COMMENT on line: 651
:QuestParser(warning): Ignored token type: COMMENT on line: 652
:QuestParser(warning): Ignored token type: COMMENT on line: 653
:QuestParser(warning): Ignored token type: COMMENT on line: 654
:QuestParser(warning): Ignored token type: COMMENT on line: 655
:QuestParser(warning): Ignored token type: COMMENT on line: 656
:QuestParser(warning): Ignored token type: COMMENT on line: 658
:QuestParser(warning): Ignored token type: COMMENT on line: 659
:QuestParser(warning): Ignored token type: COMMENT on line: 660
:QuestParser(warning): Ignored token type: COMMENT on line: 664
:QuestParser(warning): Ignored token type: COMMENT on line: 665
:QuestParser(warning): Ignored token type: COMMENT on line: 666
:QuestParser(warning): Ignored token type: COMMENT on line: 687
:QuestParser(warning): Ignored token type: COMMENT on line: 688
:QuestParser(warning): Ignored token type: COMMENT on line: 689
:QuestParser(warning): Ignored token type: COMMENT on line: 698
:QuestParser(warning): Ignored token type: COMMENT on line: 701
:QuestParser(warning): Ignored token type: COMMENT on line: 730
:QuestParser(warning): Ignored token type: COMMENT on line: 731
:QuestParser(warning): Ignored token type: COMMENT on line: 732
:QuestParser(warning): Ignored token type: COMMENT on line: 734
:QuestParser(warning): Ignored token type: COMMENT on line: 739
:QuestParser(warning): Ignored token type: COMMENT on line: 743
:QuestParser(warning): Ignored token type: COMMENT on line: 746
:QuestParser(warning): Ignored token type: COMMENT on line: 753
:QuestParser(warning): Ignored token type: COMMENT on line: 754
:QuestParser(warning): Ignored token type: COMMENT on line: 755
:QuestParser(warning): Ignored token type: COMMENT on line: 756
:QuestParser(warning): Ignored token type: COMMENT on line: 757
:QuestParser(warning): Ignored token type: COMMENT on line: 758
:QuestParser(warning): Ignored token type: COMMENT on line: 759
:QuestParser(warning): Ignored token type: COMMENT on line: 760
:QuestParser(warning): Ignored token type: COMMENT on line: 761
:QuestParser(warning): Ignored token type: COMMENT on line: 762
:QuestParser(warning): Ignored token type: COMMENT on line: 763
:QuestParser(warning): Ignored token type: COMMENT on line: 764
:QuestParser(warning): Ignored token type: COMMENT on line: 765
:QuestParser(warning): Ignored token type: COMMENT on line: 766
:QuestParser(warning): Ignored token type: COMMENT on line: 768
:QuestParser(warning): Ignored token type: COMMENT on line: 769
:QuestParser(warning): Ignored token type: COMMENT on line: 770
:QuestParser(warning): Ignored token type: COMMENT on line: 771
:QuestParser(warning): Ignored token type: COMMENT on line: 773
:QuestParser(warning): Ignored token type: COMMENT on line: 774
:QuestParser(warning): Ignored token type: COMMENT on line: 775
:QuestParser(warning): Ignored token type: COMMENT on line: 791
:QuestParser(warning): Ignored token type: COMMENT on line: 792
:QuestParser(warning): Ignored token type: COMMENT on line: 793
:QuestParser(warning): Ignored token type: COMMENT on line: 874
:QuestParser(warning): Ignored token type: COMMENT on line: 875
:QuestParser(warning): Ignored token type: COMMENT on line: 876
BpDb.bpGroup is deprecated, use bpdb.bpPreset instead
BpDb.bpGroup is deprecated, use bpdb.bpPreset instead
OTPClientRepository(info): new installation 0
:MagicWordManager(warning): You risk being banned if you abuse this mate!
:MagicWordManager(warning): I will have Jack cut you into pieces! (a.k.a. banned forever)
:DistributedObjectGlobal(warning): ChatManager going online
:DistributedShipLoader(warning): ShipLoader going online
:PiratesClientRepository(warning): Failed to connect to //127.0.0.1:7199 (3 Timeout on connection).  Notifying user.
:PiratesClientRepository(warning): Failed to connect to //127.0.0.1:7199 (3 Timeout on connection).  Notifying user.
:PiratesClientRepository(warning): Failed to connect to //127.0.0.1:7199 (3 Timeout on connection).  Notifying user.
