1 explicit pages:
  config/english/config_en.prc

2 implicit pages:
  /c/Panda3D-1.8.1/etc/Config.prc
  /c/Panda3D-1.8.1/etc/Confauto.prc

Traceback (most recent call last):
  File "C:\Panda3D-1.8.1\python\lib\runpy.py", line 162, in _run_module_as_main
    "__main__", fname, loader, pkg_name)
  File "C:\Panda3D-1.8.1\python\lib\runpy.py", line 72, in _run_code
    exec code in run_globals
  File "C:\Users\Tyler\Desktop\POTCOR-src\pirates\piratesbase\PiratesStart.py", line 34, in <module>
    PiratesBase.PiratesBase()
  File "pirates\piratesbase\PiratesBase.py", line 69, in __init__
    self.shipFactory = ShipFactory.ShipFactory()
  File "pirates\ship\ShipFactory.py", line 39, in __init__
    self.preprocessMast(ShipGlobals.Masts.Main_Tri)
  File "pirates\ship\ShipFactory.py", line 116, in preprocessMast
    self.mastSets[mastClass] = ShipBlueprints.generateMastCache(mastClass)
  File "pirates\ship\ShipBlueprints.py", line 592, in generateMastCache
    matchSet = _[1]
NameError: global name '_' is not defined
