1 explicit pages:
  config/english/config_en.prc

2 implicit pages:
  /c/Panda3D-1.8.1/etc/Config.prc
  /c/Panda3D-1.8.1/etc/Confauto.prc

serverVersion:  sv-1.0.0
PAccount: accountServer from launcher:  
PAccount: default accountServer:  https://pirates.go.com
Initializing quest ladders...
:MagicWordManager(warning): You risk being banned if you abuse this mate!
:MagicWordManager(warning): I will have Jack cut you into pieces! (a.k.a. banned forever)
:DistributedObjectGlobal(warning): ChatManager going online
:DistributedShipLoader(warning): ShipLoader going online
########## startReaderPollTask Pirate
########## stopReaderPollTask Pirate
########## startReaderPollTask Pirate
########## stopReaderPollTask Pirate
New DO:401000001, dclass:PiratesDistrict
New DO:401000002, dclass:DistributedPopulationTracker
getSubTimeList
 sub was None for 0
:TaskManager(warning): doMethodLater: added task: waitForNextTODState-49176378 with negative delay: -2999.99949017
setEnvironment unnamed 8 {}
getSubTimeList
 sub was None for 8
Traceback (most recent call last):
  File "C:\Panda3D-1.8.1\direct\distributed\ConnectionRepository.py", line 610, in readerPollUntilEmpty
    while self.readerPollOnce():
  File "C:\Panda3D-1.8.1\direct\distributed\ConnectionRepository.py", line 617, in readerPollOnce
    self.handleDatagram(self.private__di)
  File "otp\distributed\OTPClientRepository.py", line 2416, in handleDatagram
    self.handler(msgType, di)
  File "otp\distributed\OTPClientRepository.py", line 1330, in handleWaitForSetAvatarResponse
    self.handleMessageType(msgType, di)
  File "otp\distributed\OTPClientRepository.py", line 2294, in handleMessageType
    self.handleGenerateWithRequiredOtherOwner(di)
  File "otp\distributed\OTPClientRepository.py", line 2548, in handleGenerateWithRequiredOtherOwner
    self.handleAvatarResponseMsg(doId, di)
  File "pirates\distributed\PiratesClientRepository.py", line 584, in handleAvatarResponseMsg
    localAvatar = LocalPirate(self)
  File "pirates\pirate\LocalPirate.py", line 120, in __init__
    self.guiMgr = GuiManager.GuiManager(self)
  File "pirates\piratesgui\GuiManager.py", line 224, in __init__
    self.chestTray = ChestTray.ChestTray(parent = NodePath(), parentMgr = self, pos = (-0.13100000000000001, 0, 0.02), sortOrder = 1)
  File "pirates\piratesgui\ChestTray.py", line 77, in __init__
    'guiMgrToggleSocial'], pos = (0.01, 0, 1.1599999999999999 + extraHeight))
  File "pirates\piratesgui\GuiButton.py", line 30, in __init__
    self.setupHotkeys(hotkeys, hotkeyLabel, self['command'], self['extraArgs'], hotkeyLabelX, hotkeyArgs)
  File "pirates\piratesgui\GuiButton.py", line 76, in setupHotkeys
    self.acceptHotkeys()
  File "pirates\piratesgui\GuiButton.py", line 93, in acceptHotkeys
    hotkey])
  File "C:\Panda3D-1.8.1\direct\showbase\DirectObject.py", line 25, in accept
    return messenger.accept(event, self, method, extraArgs, 1)
  File "C:\Panda3D-1.8.1\direct\showbase\Messenger.py", line 202, in accept
    (safeRepr(method), safeRepr(extraArgs)))
AssertionError: method not callable in accept (ignoring): None ['guiMgrToggleSocial', 'f']
Traceback (most recent call last):
  File "C:\Panda3D-1.8.1\python\lib\runpy.py", line 162, in _run_module_as_main
    "__main__", fname, loader, pkg_name)
  File "C:\Panda3D-1.8.1\python\lib\runpy.py", line 72, in _run_code
    exec code in run_globals
  File "C:\Users\Tyler\Desktop\POTCOR-src\pirates\piratesbase\PiratesStart.py", line 79, in <module>
    run()
  File "C:\Panda3D-1.8.1\direct\showbase\ShowBase.py", line 2921, in run
    self.taskMgr.run()
  File "C:\Panda3D-1.8.1\direct\task\Task.py", line 502, in run
    self.step()
  File "C:\Panda3D-1.8.1\direct\task\Task.py", line 460, in step
    self.mgr.poll()
  File "C:\Panda3D-1.8.1\direct\distributed\ConnectionRepository.py", line 610, in readerPollUntilEmpty
    while self.readerPollOnce():
  File "C:\Panda3D-1.8.1\direct\distributed\ConnectionRepository.py", line 617, in readerPollOnce
    self.handleDatagram(self.private__di)
  File "otp\distributed\OTPClientRepository.py", line 2416, in handleDatagram
    self.handler(msgType, di)
  File "otp\distributed\OTPClientRepository.py", line 1330, in handleWaitForSetAvatarResponse
    self.handleMessageType(msgType, di)
  File "otp\distributed\OTPClientRepository.py", line 2294, in handleMessageType
    self.handleGenerateWithRequiredOtherOwner(di)
  File "otp\distributed\OTPClientRepository.py", line 2548, in handleGenerateWithRequiredOtherOwner
    self.handleAvatarResponseMsg(doId, di)
  File "pirates\distributed\PiratesClientRepository.py", line 584, in handleAvatarResponseMsg
    localAvatar = LocalPirate(self)
  File "pirates\pirate\LocalPirate.py", line 120, in __init__
    self.guiMgr = GuiManager.GuiManager(self)
  File "pirates\piratesgui\GuiManager.py", line 224, in __init__
    self.chestTray = ChestTray.ChestTray(parent = NodePath(), parentMgr = self, pos = (-0.13100000000000001, 0, 0.02), sortOrder = 1)
  File "pirates\piratesgui\ChestTray.py", line 77, in __init__
    'guiMgrToggleSocial'], pos = (0.01, 0, 1.1599999999999999 + extraHeight))
  File "pirates\piratesgui\GuiButton.py", line 30, in __init__
    self.setupHotkeys(hotkeys, hotkeyLabel, self['command'], self['extraArgs'], hotkeyLabelX, hotkeyArgs)
  File "pirates\piratesgui\GuiButton.py", line 76, in setupHotkeys
    self.acceptHotkeys()
  File "pirates\piratesgui\GuiButton.py", line 93, in acceptHotkeys
    hotkey])
  File "C:\Panda3D-1.8.1\direct\showbase\DirectObject.py", line 25, in accept
    return messenger.accept(event, self, method, extraArgs, 1)
  File "C:\Panda3D-1.8.1\direct\showbase\Messenger.py", line 202, in accept
    (safeRepr(method), safeRepr(extraArgs)))
AssertionError: method not callable in accept (ignoring): None ['guiMgrToggleSocial', 'f']
